23/03/29 14:16:49 INFO pig.ExecTypeProvider: Trying ExecType : LOCAL
23/03/29 14:16:49 INFO pig.ExecTypeProvider: Trying ExecType : MAPREDUCE
23/03/29 14:16:49 INFO pig.ExecTypeProvider: Picked MAPREDUCE as the ExecType
2023-03-29 14:16:49,387 [main] INFO  org.apache.pig.Main - Apache Pig version 0.15.0 (r1682971) compiled Jun 01 2015, 11:44:35
2023-03-29 14:16:49,387 [main] INFO  org.apache.pig.Main - Logging error messages to: /home/cs421g19/pig_1680113809385.log
2023-03-29 14:16:49,918 [main] INFO  org.apache.pig.impl.util.Utils - Default bootup file /home/cs421g19/.pigbootup not found
2023-03-29 14:16:50,053 [main] INFO  org.apache.hadoop.conf.Configuration.deprecation - mapred.job.tracker is deprecated. Instead, use mapreduce.jobtracker.address
2023-03-29 14:16:50,053 [main] INFO  org.apache.hadoop.conf.Configuration.deprecation - fs.default.name is deprecated. Instead, use fs.defaultFS
2023-03-29 14:16:50,053 [main] INFO  org.apache.pig.backend.hadoop.executionengine.HExecutionEngine - Connecting to hadoop file system at: hdfs://winter2023-comp421-1.cs.mcgill.ca:9000
2023-03-29 14:16:51,124 [main] INFO  org.apache.hadoop.conf.Configuration.deprecation - fs.default.name is deprecated. Instead, use fs.defaultFS
2023-03-29 14:16:51,209 [main] INFO  org.apache.hadoop.conf.Configuration.deprecation - fs.default.name is deprecated. Instead, use fs.defaultFS
2023-03-29 14:16:51,397 [main] INFO  org.apache.pig.tools.pigstats.ScriptState - Pig features used in the script: HASH_JOIN,GROUP_BY,ORDER_BY,LIMIT
2023-03-29 14:16:51,438 [main] INFO  org.apache.hadoop.conf.Configuration.deprecation - fs.default.name is deprecated. Instead, use fs.defaultFS
2023-03-29 14:16:51,441 [main] INFO  org.apache.pig.data.SchemaTupleBackend - Key [pig.schematuple] was not set... will not generate code.
2023-03-29 14:16:51,470 [main] INFO  org.apache.pig.newplan.logical.optimizer.LogicalPlanOptimizer - {RULES_ENABLED=[AddForEach, ColumnMapKeyPrune, ConstantCalculator, GroupByConstParallelSetter, LimitOptimizer, LoadTypeCastInserter, MergeFilter, MergeForEach, PartitionFilterOptimizer, PredicatePushdownOptimizer, PushDownForEachFlatten, PushUpFilter, SplitFilter, StreamTypeCastInserter]}
2023-03-29 14:16:51,633 [main] INFO  org.apache.pig.backend.hadoop.executionengine.mapReduceLayer.MRCompiler - File concatenation threshold: 100 optimistic? false
2023-03-29 14:16:51,674 [main] INFO  org.apache.pig.backend.hadoop.executionengine.util.CombinerOptimizerUtil - Choosing to move algebraic foreach to combiner
2023-03-29 14:16:51,701 [main] INFO  org.apache.pig.backend.hadoop.executionengine.mapReduceLayer.SecondaryKeyOptimizerMR - Using Secondary Key Optimization for MapReduce node scope-62
2023-03-29 14:16:51,705 [main] INFO  org.apache.pig.backend.hadoop.executionengine.mapReduceLayer.MRCompiler$LastInputStreamingOptimizer - Rewrite: POPackage->POForEach to POPackage(JoinPackager)
2023-03-29 14:16:51,717 [main] INFO  org.apache.pig.backend.hadoop.executionengine.mapReduceLayer.MultiQueryOptimizer - MR plan size before optimization: 5
2023-03-29 14:16:51,718 [main] INFO  org.apache.pig.backend.hadoop.executionengine.mapReduceLayer.MultiQueryOptimizer - MR plan size after optimization: 5
2023-03-29 14:16:51,752 [main] INFO  org.apache.hadoop.conf.Configuration.deprecation - fs.default.name is deprecated. Instead, use fs.defaultFS
2023-03-29 14:16:51,789 [main] INFO  org.apache.hadoop.yarn.client.RMProxy - Connecting to ResourceManager at winter2023-comp421-1.cs.mcgill.ca/132.206.51.211:8032
2023-03-29 14:16:51,982 [main] INFO  org.apache.pig.tools.pigstats.mapreduce.MRScriptState - Pig script settings are added to the job
2023-03-29 14:16:51,991 [main] INFO  org.apache.hadoop.conf.Configuration.deprecation - mapred.job.reduce.markreset.buffer.percent is deprecated. Instead, use mapreduce.reduce.markreset.buffer.percent
2023-03-29 14:16:51,991 [main] INFO  org.apache.pig.backend.hadoop.executionengine.mapReduceLayer.JobControlCompiler - mapred.job.reduce.markreset.buffer.percent is not set, set to default 0.3
2023-03-29 14:16:51,991 [main] INFO  org.apache.hadoop.conf.Configuration.deprecation - mapred.output.compress is deprecated. Instead, use mapreduce.output.fileoutputformat.compress
2023-03-29 14:16:51,993 [main] INFO  org.apache.pig.backend.hadoop.executionengine.mapReduceLayer.JobControlCompiler - Reduce phase detected, estimating # of required reducers.
2023-03-29 14:16:51,994 [main] INFO  org.apache.pig.backend.hadoop.executionengine.mapReduceLayer.JobControlCompiler - Using reducer estimator: org.apache.pig.backend.hadoop.executionengine.mapReduceLayer.InputSizeReducerEstimator
2023-03-29 14:16:52,003 [main] INFO  org.apache.pig.backend.hadoop.executionengine.mapReduceLayer.InputSizeReducerEstimator - BytesPerReducer=1000000000 maxReducers=999 totalInputFileSize=2721700
2023-03-29 14:16:52,003 [main] INFO  org.apache.pig.backend.hadoop.executionengine.mapReduceLayer.JobControlCompiler - Setting Parallelism to 1
2023-03-29 14:16:52,003 [main] INFO  org.apache.hadoop.conf.Configuration.deprecation - mapred.reduce.tasks is deprecated. Instead, use mapreduce.job.reduces
2023-03-29 14:16:52,004 [main] INFO  org.apache.pig.backend.hadoop.executionengine.mapReduceLayer.JobControlCompiler - This job cannot be converted run in-process
2023-03-29 14:16:52,322 [main] INFO  org.apache.pig.backend.hadoop.executionengine.mapReduceLayer.JobControlCompiler - Added jar file:/data/cs421/softwares/apache/pig-0.15.0/pig-0.15.0-core-h2.jar to DistributedCache through /tmp/temp-701676240/tmp1576459435/pig-0.15.0-core-h2.jar
2023-03-29 14:16:52,365 [main] INFO  org.apache.pig.backend.hadoop.executionengine.mapReduceLayer.JobControlCompiler - Added jar file:/data/cs421/softwares/apache/pig-0.15.0/lib/automaton-1.11-8.jar to DistributedCache through /tmp/temp-701676240/tmp1639066327/automaton-1.11-8.jar
2023-03-29 14:16:52,406 [main] INFO  org.apache.pig.backend.hadoop.executionengine.mapReduceLayer.JobControlCompiler - Added jar file:/data/cs421/softwares/apache/pig-0.15.0/lib/antlr-runtime-3.4.jar to DistributedCache through /tmp/temp-701676240/tmp91077317/antlr-runtime-3.4.jar
2023-03-29 14:16:52,456 [main] INFO  org.apache.pig.backend.hadoop.executionengine.mapReduceLayer.JobControlCompiler - Added jar file:/data/cs421/softwares/apache/pig-0.15.0/lib/joda-time-2.5.jar to DistributedCache through /tmp/temp-701676240/tmp485776374/joda-time-2.5.jar
2023-03-29 14:16:52,482 [main] INFO  org.apache.pig.backend.hadoop.executionengine.mapReduceLayer.JobControlCompiler - Setting up single store job
2023-03-29 14:16:52,488 [main] INFO  org.apache.pig.data.SchemaTupleFrontend - Key [pig.schematuple] is false, will not generate code.
2023-03-29 14:16:52,488 [main] INFO  org.apache.pig.data.SchemaTupleFrontend - Starting process to move generated code to distributed cacche
2023-03-29 14:16:52,488 [main] INFO  org.apache.pig.data.SchemaTupleFrontend - Setting key [pig.schematuple.classes] with classes to deserialize []
2023-03-29 14:16:52,556 [main] INFO  org.apache.pig.backend.hadoop.executionengine.mapReduceLayer.MapReduceLauncher - 1 map-reduce job(s) waiting for submission.
2023-03-29 14:16:52,556 [main] INFO  org.apache.hadoop.conf.Configuration.deprecation - mapred.job.tracker.http.address is deprecated. Instead, use mapreduce.jobtracker.http.address
2023-03-29 14:16:52,563 [JobControl] INFO  org.apache.hadoop.yarn.client.RMProxy - Connecting to ResourceManager at winter2023-comp421-1.cs.mcgill.ca/132.206.51.211:8032
2023-03-29 14:16:52,581 [JobControl] INFO  org.apache.hadoop.conf.Configuration.deprecation - fs.default.name is deprecated. Instead, use fs.defaultFS
2023-03-29 14:16:52,685 [JobControl] WARN  org.apache.hadoop.mapreduce.JobResourceUploader - No job jar file set.  User classes may not be found. See Job or Job#setJar(String).
2023-03-29 14:16:52,735 [JobControl] INFO  org.apache.hadoop.mapreduce.lib.input.FileInputFormat - Total input paths to process : 1
2023-03-29 14:16:52,735 [JobControl] INFO  org.apache.pig.backend.hadoop.executionengine.util.MapRedUtil - Total input paths to process : 1
2023-03-29 14:16:52,757 [JobControl] INFO  org.apache.pig.backend.hadoop.executionengine.util.MapRedUtil - Total input paths (combined) to process : 1
2023-03-29 14:16:52,763 [JobControl] INFO  org.apache.hadoop.mapreduce.lib.input.FileInputFormat - Total input paths to process : 1
2023-03-29 14:16:52,763 [JobControl] INFO  org.apache.pig.backend.hadoop.executionengine.util.MapRedUtil - Total input paths to process : 1
2023-03-29 14:16:52,765 [JobControl] INFO  org.apache.pig.backend.hadoop.executionengine.util.MapRedUtil - Total input paths (combined) to process : 1
2023-03-29 14:16:52,901 [JobControl] INFO  org.apache.hadoop.mapreduce.JobSubmitter - number of splits:2
2023-03-29 14:16:53,051 [JobControl] INFO  org.apache.hadoop.mapreduce.JobSubmitter - Submitting tokens for job: job_1679627889895_1841
2023-03-29 14:16:53,195 [JobControl] INFO  org.apache.hadoop.mapred.YARNRunner - Job jar is not present. Not adding any jar to the list of resources.
2023-03-29 14:16:53,298 [JobControl] INFO  org.apache.hadoop.yarn.client.api.impl.YarnClientImpl - Submitted application application_1679627889895_1841
2023-03-29 14:16:53,351 [JobControl] INFO  org.apache.hadoop.mapreduce.Job - The url to track the job: http://winter2023-comp421-1.cs.mcgill.ca:8088/proxy/application_1679627889895_1841/
2023-03-29 14:16:53,352 [main] INFO  org.apache.pig.backend.hadoop.executionengine.mapReduceLayer.MapReduceLauncher - HadoopJobId: job_1679627889895_1841
2023-03-29 14:16:53,352 [main] INFO  org.apache.pig.backend.hadoop.executionengine.mapReduceLayer.MapReduceLauncher - Processing aliases joined,movies,ratings
2023-03-29 14:16:53,352 [main] INFO  org.apache.pig.backend.hadoop.executionengine.mapReduceLayer.MapReduceLauncher - detailed locations: M: movies[5,9],movies[-1,-1],joined[26,9],ratings[11,10],ratings[-1,-1],joined[26,9] C:  R: 
2023-03-29 14:16:53,363 [main] INFO  org.apache.pig.backend.hadoop.executionengine.mapReduceLayer.MapReduceLauncher - 0% complete
2023-03-29 14:16:53,363 [main] INFO  org.apache.pig.backend.hadoop.executionengine.mapReduceLayer.MapReduceLauncher - Running jobs are [job_1679627889895_1841]
2023-03-29 14:17:11,707 [JobControl] INFO  org.apache.hadoop.mapred.ClientServiceDelegate - Application state is completed. FinalApplicationStatus=SUCCEEDED. Redirecting to job history server
2023-03-29 14:17:11,748 [main] INFO  org.apache.pig.backend.hadoop.executionengine.mapReduceLayer.MapReduceLauncher - 20% complete
2023-03-29 14:17:11,752 [main] INFO  org.apache.hadoop.yarn.client.RMProxy - Connecting to ResourceManager at winter2023-comp421-1.cs.mcgill.ca/132.206.51.211:8032
2023-03-29 14:17:11,756 [main] INFO  org.apache.hadoop.mapred.ClientServiceDelegate - Application state is completed. FinalApplicationStatus=SUCCEEDED. Redirecting to job history server
2023-03-29 14:17:11,887 [main] INFO  org.apache.hadoop.yarn.client.RMProxy - Connecting to ResourceManager at winter2023-comp421-1.cs.mcgill.ca/132.206.51.211:8032
2023-03-29 14:17:11,891 [main] INFO  org.apache.hadoop.mapred.ClientServiceDelegate - Application state is completed. FinalApplicationStatus=SUCCEEDED. Redirecting to job history server
2023-03-29 14:17:11,951 [main] INFO  org.apache.hadoop.yarn.client.RMProxy - Connecting to ResourceManager at winter2023-comp421-1.cs.mcgill.ca/132.206.51.211:8032
2023-03-29 14:17:11,955 [main] INFO  org.apache.hadoop.mapred.ClientServiceDelegate - Application state is completed. FinalApplicationStatus=SUCCEEDED. Redirecting to job history server
2023-03-29 14:17:11,999 [main] INFO  org.apache.pig.tools.pigstats.mapreduce.MRScriptState - Pig script settings are added to the job
2023-03-29 14:17:12,000 [main] INFO  org.apache.pig.backend.hadoop.executionengine.mapReduceLayer.JobControlCompiler - mapred.job.reduce.markreset.buffer.percent is not set, set to default 0.3
2023-03-29 14:17:12,000 [main] INFO  org.apache.pig.backend.hadoop.executionengine.mapReduceLayer.JobControlCompiler - Reduce phase detected, estimating # of required reducers.
2023-03-29 14:17:12,000 [main] INFO  org.apache.pig.backend.hadoop.executionengine.mapReduceLayer.JobControlCompiler - Using reducer estimator: org.apache.pig.backend.hadoop.executionengine.mapReduceLayer.InputSizeReducerEstimator
2023-03-29 14:17:12,019 [main] INFO  org.apache.pig.backend.hadoop.executionengine.mapReduceLayer.InputSizeReducerEstimator - BytesPerReducer=1000000000 maxReducers=999 totalInputFileSize=5771930
2023-03-29 14:17:12,019 [main] INFO  org.apache.pig.backend.hadoop.executionengine.mapReduceLayer.JobControlCompiler - Setting Parallelism to 1
2023-03-29 14:17:12,019 [main] INFO  org.apache.pig.backend.hadoop.executionengine.mapReduceLayer.JobControlCompiler - This job cannot be converted run in-process
2023-03-29 14:17:12,095 [main] INFO  org.apache.pig.backend.hadoop.executionengine.mapReduceLayer.JobControlCompiler - Added jar file:/data/cs421/softwares/apache/pig-0.15.0/pig-0.15.0-core-h2.jar to DistributedCache through /tmp/temp-701676240/tmp94697556/pig-0.15.0-core-h2.jar
2023-03-29 14:17:12,117 [main] INFO  org.apache.pig.backend.hadoop.executionengine.mapReduceLayer.JobControlCompiler - Added jar file:/data/cs421/softwares/apache/pig-0.15.0/lib/automaton-1.11-8.jar to DistributedCache through /tmp/temp-701676240/tmp1450930037/automaton-1.11-8.jar
2023-03-29 14:17:12,138 [main] INFO  org.apache.pig.backend.hadoop.executionengine.mapReduceLayer.JobControlCompiler - Added jar file:/data/cs421/softwares/apache/pig-0.15.0/lib/antlr-runtime-3.4.jar to DistributedCache through /tmp/temp-701676240/tmp1565594812/antlr-runtime-3.4.jar
2023-03-29 14:17:12,160 [main] INFO  org.apache.pig.backend.hadoop.executionengine.mapReduceLayer.JobControlCompiler - Added jar file:/data/cs421/softwares/apache/pig-0.15.0/lib/joda-time-2.5.jar to DistributedCache through /tmp/temp-701676240/tmp-2074494725/joda-time-2.5.jar
2023-03-29 14:17:12,170 [main] INFO  org.apache.pig.backend.hadoop.executionengine.mapReduceLayer.JobControlCompiler - Setting up single store job
2023-03-29 14:17:12,171 [main] INFO  org.apache.pig.data.SchemaTupleFrontend - Key [pig.schematuple] is false, will not generate code.
2023-03-29 14:17:12,171 [main] INFO  org.apache.pig.data.SchemaTupleFrontend - Starting process to move generated code to distributed cacche
2023-03-29 14:17:12,171 [main] INFO  org.apache.pig.data.SchemaTupleFrontend - Setting key [pig.schematuple.classes] with classes to deserialize []
2023-03-29 14:17:12,192 [main] INFO  org.apache.pig.backend.hadoop.executionengine.mapReduceLayer.MapReduceLauncher - 1 map-reduce job(s) waiting for submission.
2023-03-29 14:17:12,201 [JobControl] INFO  org.apache.hadoop.yarn.client.RMProxy - Connecting to ResourceManager at winter2023-comp421-1.cs.mcgill.ca/132.206.51.211:8032
2023-03-29 14:17:12,211 [JobControl] INFO  org.apache.hadoop.conf.Configuration.deprecation - fs.default.name is deprecated. Instead, use fs.defaultFS
2023-03-29 14:17:12,225 [JobControl] WARN  org.apache.hadoop.mapreduce.JobResourceUploader - No job jar file set.  User classes may not be found. See Job or Job#setJar(String).
2023-03-29 14:17:12,255 [JobControl] INFO  org.apache.hadoop.mapreduce.lib.input.FileInputFormat - Total input paths to process : 1
2023-03-29 14:17:12,255 [JobControl] INFO  org.apache.pig.backend.hadoop.executionengine.util.MapRedUtil - Total input paths to process : 1
2023-03-29 14:17:12,255 [JobControl] INFO  org.apache.pig.backend.hadoop.executionengine.util.MapRedUtil - Total input paths (combined) to process : 1
2023-03-29 14:17:12,337 [JobControl] INFO  org.apache.hadoop.mapreduce.JobSubmitter - number of splits:1
2023-03-29 14:17:12,400 [JobControl] INFO  org.apache.hadoop.mapreduce.JobSubmitter - Submitting tokens for job: job_1679627889895_1842
2023-03-29 14:17:12,404 [JobControl] INFO  org.apache.hadoop.mapred.YARNRunner - Job jar is not present. Not adding any jar to the list of resources.
2023-03-29 14:17:12,437 [JobControl] INFO  org.apache.hadoop.yarn.client.api.impl.YarnClientImpl - Submitted application application_1679627889895_1842
2023-03-29 14:17:12,442 [JobControl] INFO  org.apache.hadoop.mapreduce.Job - The url to track the job: http://winter2023-comp421-1.cs.mcgill.ca:8088/proxy/application_1679627889895_1842/
2023-03-29 14:17:12,694 [main] INFO  org.apache.pig.backend.hadoop.executionengine.mapReduceLayer.MapReduceLauncher - HadoopJobId: job_1679627889895_1842
2023-03-29 14:17:12,694 [main] INFO  org.apache.pig.backend.hadoop.executionengine.mapReduceLayer.MapReduceLauncher - Processing aliases cnt,grpd,project
2023-03-29 14:17:12,694 [main] INFO  org.apache.pig.backend.hadoop.executionengine.mapReduceLayer.MapReduceLauncher - detailed locations: M: cnt[28,6],grpd[27,7] C: cnt[28,6],grpd[27,7] R: cnt[28,6],project[29,10]
2023-03-29 14:17:38,271 [main] INFO  org.apache.hadoop.mapred.ClientServiceDelegate - Application state is completed. FinalApplicationStatus=SUCCEEDED. Redirecting to job history server
2023-03-29 14:17:38,287 [main] INFO  org.apache.pig.backend.hadoop.executionengine.mapReduceLayer.MapReduceLauncher - 40% complete
2023-03-29 14:17:38,298 [main] INFO  org.apache.hadoop.yarn.client.RMProxy - Connecting to ResourceManager at winter2023-comp421-1.cs.mcgill.ca/132.206.51.211:8032
2023-03-29 14:17:38,301 [main] INFO  org.apache.hadoop.mapred.ClientServiceDelegate - Application state is completed. FinalApplicationStatus=SUCCEEDED. Redirecting to job history server
2023-03-29 14:17:38,335 [main] INFO  org.apache.hadoop.yarn.client.RMProxy - Connecting to ResourceManager at winter2023-comp421-1.cs.mcgill.ca/132.206.51.211:8032
2023-03-29 14:17:38,338 [main] INFO  org.apache.hadoop.mapred.ClientServiceDelegate - Application state is completed. FinalApplicationStatus=SUCCEEDED. Redirecting to job history server
2023-03-29 14:17:38,369 [main] INFO  org.apache.hadoop.yarn.client.RMProxy - Connecting to ResourceManager at winter2023-comp421-1.cs.mcgill.ca/132.206.51.211:8032
2023-03-29 14:17:38,372 [main] INFO  org.apache.hadoop.mapred.ClientServiceDelegate - Application state is completed. FinalApplicationStatus=SUCCEEDED. Redirecting to job history server
2023-03-29 14:17:38,400 [main] INFO  org.apache.pig.tools.pigstats.mapreduce.MRScriptState - Pig script settings are added to the job
2023-03-29 14:17:38,401 [main] INFO  org.apache.pig.backend.hadoop.executionengine.mapReduceLayer.JobControlCompiler - mapred.job.reduce.markreset.buffer.percent is not set, set to default 0.3
2023-03-29 14:17:38,402 [main] INFO  org.apache.pig.backend.hadoop.executionengine.mapReduceLayer.JobControlCompiler - Reduce phase detected, estimating # of required reducers.
2023-03-29 14:17:38,402 [main] INFO  org.apache.pig.backend.hadoop.executionengine.mapReduceLayer.JobControlCompiler - Using reducer estimator: org.apache.pig.backend.hadoop.executionengine.mapReduceLayer.InputSizeReducerEstimator
2023-03-29 14:17:38,405 [main] INFO  org.apache.pig.backend.hadoop.executionengine.mapReduceLayer.InputSizeReducerEstimator - BytesPerReducer=1000000000 maxReducers=999 totalInputFileSize=243296
2023-03-29 14:17:38,406 [main] INFO  org.apache.pig.backend.hadoop.executionengine.mapReduceLayer.JobControlCompiler - Setting Parallelism to 1
2023-03-29 14:17:38,406 [main] INFO  org.apache.pig.backend.hadoop.executionengine.mapReduceLayer.JobControlCompiler - This job cannot be converted run in-process
2023-03-29 14:17:38,460 [main] INFO  org.apache.pig.backend.hadoop.executionengine.mapReduceLayer.JobControlCompiler - Added jar file:/data/cs421/softwares/apache/pig-0.15.0/pig-0.15.0-core-h2.jar to DistributedCache through /tmp/temp-701676240/tmp1191899217/pig-0.15.0-core-h2.jar
2023-03-29 14:17:38,477 [main] INFO  org.apache.pig.backend.hadoop.executionengine.mapReduceLayer.JobControlCompiler - Added jar file:/data/cs421/softwares/apache/pig-0.15.0/lib/automaton-1.11-8.jar to DistributedCache through /tmp/temp-701676240/tmp-1096747938/automaton-1.11-8.jar
2023-03-29 14:17:38,491 [main] INFO  org.apache.pig.backend.hadoop.executionengine.mapReduceLayer.JobControlCompiler - Added jar file:/data/cs421/softwares/apache/pig-0.15.0/lib/antlr-runtime-3.4.jar to DistributedCache through /tmp/temp-701676240/tmp569904810/antlr-runtime-3.4.jar
2023-03-29 14:17:38,505 [main] INFO  org.apache.pig.backend.hadoop.executionengine.mapReduceLayer.JobControlCompiler - Added jar file:/data/cs421/softwares/apache/pig-0.15.0/lib/joda-time-2.5.jar to DistributedCache through /tmp/temp-701676240/tmp943193731/joda-time-2.5.jar
2023-03-29 14:17:38,515 [main] INFO  org.apache.pig.backend.hadoop.executionengine.mapReduceLayer.JobControlCompiler - Setting up single store job
2023-03-29 14:17:38,516 [main] INFO  org.apache.pig.data.SchemaTupleFrontend - Key [pig.schematuple] is false, will not generate code.
2023-03-29 14:17:38,516 [main] INFO  org.apache.pig.data.SchemaTupleFrontend - Starting process to move generated code to distributed cacche
2023-03-29 14:17:38,516 [main] INFO  org.apache.pig.data.SchemaTupleFrontend - Setting key [pig.schematuple.classes] with classes to deserialize []
2023-03-29 14:17:38,535 [main] INFO  org.apache.pig.backend.hadoop.executionengine.mapReduceLayer.MapReduceLauncher - 1 map-reduce job(s) waiting for submission.
2023-03-29 14:17:38,537 [JobControl] INFO  org.apache.hadoop.yarn.client.RMProxy - Connecting to ResourceManager at winter2023-comp421-1.cs.mcgill.ca/132.206.51.211:8032
2023-03-29 14:17:38,542 [JobControl] INFO  org.apache.hadoop.conf.Configuration.deprecation - fs.default.name is deprecated. Instead, use fs.defaultFS
2023-03-29 14:17:38,549 [JobControl] WARN  org.apache.hadoop.mapreduce.JobResourceUploader - No job jar file set.  User classes may not be found. See Job or Job#setJar(String).
2023-03-29 14:17:38,565 [JobControl] INFO  org.apache.hadoop.mapreduce.lib.input.FileInputFormat - Total input paths to process : 1
2023-03-29 14:17:38,565 [JobControl] INFO  org.apache.pig.backend.hadoop.executionengine.util.MapRedUtil - Total input paths to process : 1
2023-03-29 14:17:38,565 [JobControl] INFO  org.apache.pig.backend.hadoop.executionengine.util.MapRedUtil - Total input paths (combined) to process : 1
2023-03-29 14:17:38,598 [JobControl] INFO  org.apache.hadoop.mapreduce.JobSubmitter - number of splits:1
2023-03-29 14:17:38,632 [JobControl] INFO  org.apache.hadoop.mapreduce.JobSubmitter - Submitting tokens for job: job_1679627889895_1843
2023-03-29 14:17:38,635 [JobControl] INFO  org.apache.hadoop.mapred.YARNRunner - Job jar is not present. Not adding any jar to the list of resources.
2023-03-29 14:17:38,653 [JobControl] INFO  org.apache.hadoop.yarn.client.api.impl.YarnClientImpl - Submitted application application_1679627889895_1843
2023-03-29 14:17:38,655 [JobControl] INFO  org.apache.hadoop.mapreduce.Job - The url to track the job: http://winter2023-comp421-1.cs.mcgill.ca:8088/proxy/application_1679627889895_1843/
2023-03-29 14:17:39,036 [main] INFO  org.apache.pig.backend.hadoop.executionengine.mapReduceLayer.MapReduceLauncher - HadoopJobId: job_1679627889895_1843
2023-03-29 14:17:39,036 [main] INFO  org.apache.pig.backend.hadoop.executionengine.mapReduceLayer.MapReduceLauncher - Processing aliases ordered
2023-03-29 14:17:39,036 [main] INFO  org.apache.pig.backend.hadoop.executionengine.mapReduceLayer.MapReduceLauncher - detailed locations: M: ordered[30,10] C:  R: 
2023-03-29 14:17:59,243 [main] INFO  org.apache.hadoop.mapred.ClientServiceDelegate - Application state is completed. FinalApplicationStatus=SUCCEEDED. Redirecting to job history server
2023-03-29 14:17:59,276 [main] INFO  org.apache.pig.backend.hadoop.executionengine.mapReduceLayer.MapReduceLauncher - 60% complete
2023-03-29 14:17:59,283 [main] INFO  org.apache.hadoop.yarn.client.RMProxy - Connecting to ResourceManager at winter2023-comp421-1.cs.mcgill.ca/132.206.51.211:8032
2023-03-29 14:17:59,286 [main] INFO  org.apache.hadoop.mapred.ClientServiceDelegate - Application state is completed. FinalApplicationStatus=SUCCEEDED. Redirecting to job history server
2023-03-29 14:17:59,318 [main] INFO  org.apache.hadoop.yarn.client.RMProxy - Connecting to ResourceManager at winter2023-comp421-1.cs.mcgill.ca/132.206.51.211:8032
2023-03-29 14:17:59,321 [main] INFO  org.apache.hadoop.mapred.ClientServiceDelegate - Application state is completed. FinalApplicationStatus=SUCCEEDED. Redirecting to job history server
2023-03-29 14:17:59,351 [main] INFO  org.apache.hadoop.yarn.client.RMProxy - Connecting to ResourceManager at winter2023-comp421-1.cs.mcgill.ca/132.206.51.211:8032
2023-03-29 14:17:59,355 [main] INFO  org.apache.hadoop.mapred.ClientServiceDelegate - Application state is completed. FinalApplicationStatus=SUCCEEDED. Redirecting to job history server
2023-03-29 14:17:59,384 [main] INFO  org.apache.pig.tools.pigstats.mapreduce.MRScriptState - Pig script settings are added to the job
2023-03-29 14:17:59,385 [main] INFO  org.apache.pig.backend.hadoop.executionengine.mapReduceLayer.JobControlCompiler - mapred.job.reduce.markreset.buffer.percent is not set, set to default 0.3
2023-03-29 14:17:59,385 [main] INFO  org.apache.pig.backend.hadoop.executionengine.mapReduceLayer.JobControlCompiler - Reduce phase detected, estimating # of required reducers.
2023-03-29 14:17:59,385 [main] INFO  org.apache.pig.backend.hadoop.executionengine.mapReduceLayer.JobControlCompiler - Setting Parallelism to 1
2023-03-29 14:17:59,385 [main] INFO  org.apache.pig.backend.hadoop.executionengine.mapReduceLayer.JobControlCompiler - This job cannot be converted run in-process
2023-03-29 14:17:59,442 [main] INFO  org.apache.pig.backend.hadoop.executionengine.mapReduceLayer.JobControlCompiler - Added jar file:/data/cs421/softwares/apache/pig-0.15.0/pig-0.15.0-core-h2.jar to DistributedCache through /tmp/temp-701676240/tmp-1510937928/pig-0.15.0-core-h2.jar
2023-03-29 14:17:59,462 [main] INFO  org.apache.pig.backend.hadoop.executionengine.mapReduceLayer.JobControlCompiler - Added jar file:/data/cs421/softwares/apache/pig-0.15.0/lib/automaton-1.11-8.jar to DistributedCache through /tmp/temp-701676240/tmp1331187843/automaton-1.11-8.jar
2023-03-29 14:17:59,488 [main] INFO  org.apache.pig.backend.hadoop.executionengine.mapReduceLayer.JobControlCompiler - Added jar file:/data/cs421/softwares/apache/pig-0.15.0/lib/antlr-runtime-3.4.jar to DistributedCache through /tmp/temp-701676240/tmp-873555459/antlr-runtime-3.4.jar
2023-03-29 14:17:59,514 [main] INFO  org.apache.pig.backend.hadoop.executionengine.mapReduceLayer.JobControlCompiler - Added jar file:/data/cs421/softwares/apache/pig-0.15.0/lib/joda-time-2.5.jar to DistributedCache through /tmp/temp-701676240/tmp-1898904378/joda-time-2.5.jar
2023-03-29 14:17:59,524 [main] INFO  org.apache.pig.backend.hadoop.executionengine.mapReduceLayer.JobControlCompiler - Setting up single store job
2023-03-29 14:17:59,525 [main] INFO  org.apache.pig.data.SchemaTupleFrontend - Key [pig.schematuple] is false, will not generate code.
2023-03-29 14:17:59,525 [main] INFO  org.apache.pig.data.SchemaTupleFrontend - Starting process to move generated code to distributed cacche
2023-03-29 14:17:59,525 [main] INFO  org.apache.pig.data.SchemaTupleFrontend - Setting key [pig.schematuple.classes] with classes to deserialize []
2023-03-29 14:17:59,549 [main] INFO  org.apache.pig.backend.hadoop.executionengine.mapReduceLayer.MapReduceLauncher - 1 map-reduce job(s) waiting for submission.
2023-03-29 14:17:59,551 [JobControl] INFO  org.apache.hadoop.yarn.client.RMProxy - Connecting to ResourceManager at winter2023-comp421-1.cs.mcgill.ca/132.206.51.211:8032
2023-03-29 14:17:59,558 [JobControl] INFO  org.apache.hadoop.conf.Configuration.deprecation - fs.default.name is deprecated. Instead, use fs.defaultFS
2023-03-29 14:17:59,567 [JobControl] WARN  org.apache.hadoop.mapreduce.JobResourceUploader - No job jar file set.  User classes may not be found. See Job or Job#setJar(String).
2023-03-29 14:17:59,587 [JobControl] INFO  org.apache.hadoop.mapreduce.lib.input.FileInputFormat - Total input paths to process : 1
2023-03-29 14:17:59,587 [JobControl] INFO  org.apache.pig.backend.hadoop.executionengine.util.MapRedUtil - Total input paths to process : 1
2023-03-29 14:17:59,588 [JobControl] INFO  org.apache.pig.backend.hadoop.executionengine.util.MapRedUtil - Total input paths (combined) to process : 1
2023-03-29 14:17:59,638 [JobControl] INFO  org.apache.hadoop.mapreduce.JobSubmitter - number of splits:1
2023-03-29 14:17:59,666 [JobControl] INFO  org.apache.hadoop.mapreduce.JobSubmitter - Submitting tokens for job: job_1679627889895_1844
2023-03-29 14:17:59,670 [JobControl] INFO  org.apache.hadoop.mapred.YARNRunner - Job jar is not present. Not adding any jar to the list of resources.
2023-03-29 14:17:59,708 [JobControl] INFO  org.apache.hadoop.yarn.client.api.impl.YarnClientImpl - Submitted application application_1679627889895_1844
2023-03-29 14:17:59,718 [JobControl] INFO  org.apache.hadoop.mapreduce.Job - The url to track the job: http://winter2023-comp421-1.cs.mcgill.ca:8088/proxy/application_1679627889895_1844/
2023-03-29 14:18:00,050 [main] INFO  org.apache.pig.backend.hadoop.executionengine.mapReduceLayer.MapReduceLauncher - HadoopJobId: job_1679627889895_1844
2023-03-29 14:18:00,050 [main] INFO  org.apache.pig.backend.hadoop.executionengine.mapReduceLayer.MapReduceLauncher - Processing aliases ordered
2023-03-29 14:18:00,050 [main] INFO  org.apache.pig.backend.hadoop.executionengine.mapReduceLayer.MapReduceLauncher - detailed locations: M: ordered[30,10] C:  R: 
2023-03-29 14:18:17,998 [main] INFO  org.apache.hadoop.mapred.ClientServiceDelegate - Application state is completed. FinalApplicationStatus=SUCCEEDED. Redirecting to job history server
2023-03-29 14:18:18,018 [main] INFO  org.apache.pig.backend.hadoop.executionengine.mapReduceLayer.MapReduceLauncher - 80% complete
2023-03-29 14:18:18,027 [main] INFO  org.apache.hadoop.yarn.client.RMProxy - Connecting to ResourceManager at winter2023-comp421-1.cs.mcgill.ca/132.206.51.211:8032
2023-03-29 14:18:18,030 [main] INFO  org.apache.hadoop.mapred.ClientServiceDelegate - Application state is completed. FinalApplicationStatus=SUCCEEDED. Redirecting to job history server
2023-03-29 14:18:18,061 [main] INFO  org.apache.hadoop.yarn.client.RMProxy - Connecting to ResourceManager at winter2023-comp421-1.cs.mcgill.ca/132.206.51.211:8032
2023-03-29 14:18:18,064 [main] INFO  org.apache.hadoop.mapred.ClientServiceDelegate - Application state is completed. FinalApplicationStatus=SUCCEEDED. Redirecting to job history server
2023-03-29 14:18:18,094 [main] INFO  org.apache.hadoop.yarn.client.RMProxy - Connecting to ResourceManager at winter2023-comp421-1.cs.mcgill.ca/132.206.51.211:8032
2023-03-29 14:18:18,097 [main] INFO  org.apache.hadoop.mapred.ClientServiceDelegate - Application state is completed. FinalApplicationStatus=SUCCEEDED. Redirecting to job history server
2023-03-29 14:18:18,123 [main] INFO  org.apache.pig.tools.pigstats.mapreduce.MRScriptState - Pig script settings are added to the job
2023-03-29 14:18:18,123 [main] INFO  org.apache.pig.backend.hadoop.executionengine.mapReduceLayer.JobControlCompiler - mapred.job.reduce.markreset.buffer.percent is not set, set to default 0.3
2023-03-29 14:18:18,124 [main] INFO  org.apache.pig.backend.hadoop.executionengine.mapReduceLayer.JobControlCompiler - Reduce phase detected, estimating # of required reducers.
2023-03-29 14:18:18,124 [main] INFO  org.apache.pig.backend.hadoop.executionengine.mapReduceLayer.JobControlCompiler - Setting Parallelism to 1
2023-03-29 14:18:18,124 [main] INFO  org.apache.pig.backend.hadoop.executionengine.mapReduceLayer.JobControlCompiler - This job cannot be converted run in-process
2023-03-29 14:18:18,164 [main] INFO  org.apache.pig.backend.hadoop.executionengine.mapReduceLayer.JobControlCompiler - Added jar file:/data/cs421/softwares/apache/pig-0.15.0/pig-0.15.0-core-h2.jar to DistributedCache through /tmp/temp-701676240/tmp-592531111/pig-0.15.0-core-h2.jar
2023-03-29 14:18:18,176 [main] INFO  org.apache.pig.backend.hadoop.executionengine.mapReduceLayer.JobControlCompiler - Added jar file:/data/cs421/softwares/apache/pig-0.15.0/lib/automaton-1.11-8.jar to DistributedCache through /tmp/temp-701676240/tmp1444076012/automaton-1.11-8.jar
2023-03-29 14:18:18,196 [main] INFO  org.apache.pig.backend.hadoop.executionengine.mapReduceLayer.JobControlCompiler - Added jar file:/data/cs421/softwares/apache/pig-0.15.0/lib/antlr-runtime-3.4.jar to DistributedCache through /tmp/temp-701676240/tmp1225274689/antlr-runtime-3.4.jar
2023-03-29 14:18:18,215 [main] INFO  org.apache.pig.backend.hadoop.executionengine.mapReduceLayer.JobControlCompiler - Added jar file:/data/cs421/softwares/apache/pig-0.15.0/lib/joda-time-2.5.jar to DistributedCache through /tmp/temp-701676240/tmp-1997091384/joda-time-2.5.jar
2023-03-29 14:18:18,224 [main] INFO  org.apache.pig.backend.hadoop.executionengine.mapReduceLayer.JobControlCompiler - Setting up single store job
2023-03-29 14:18:18,226 [main] INFO  org.apache.pig.data.SchemaTupleFrontend - Key [pig.schematuple] is false, will not generate code.
2023-03-29 14:18:18,226 [main] INFO  org.apache.pig.data.SchemaTupleFrontend - Starting process to move generated code to distributed cacche
2023-03-29 14:18:18,226 [main] INFO  org.apache.pig.data.SchemaTupleFrontend - Setting key [pig.schematuple.classes] with classes to deserialize []
2023-03-29 14:18:18,237 [main] INFO  org.apache.pig.backend.hadoop.executionengine.mapReduceLayer.MapReduceLauncher - 1 map-reduce job(s) waiting for submission.
2023-03-29 14:18:18,239 [JobControl] INFO  org.apache.hadoop.yarn.client.RMProxy - Connecting to ResourceManager at winter2023-comp421-1.cs.mcgill.ca/132.206.51.211:8032
2023-03-29 14:18:18,244 [JobControl] INFO  org.apache.hadoop.conf.Configuration.deprecation - fs.default.name is deprecated. Instead, use fs.defaultFS
2023-03-29 14:18:18,254 [JobControl] WARN  org.apache.hadoop.mapreduce.JobResourceUploader - No job jar file set.  User classes may not be found. See Job or Job#setJar(String).
2023-03-29 14:18:18,276 [JobControl] INFO  org.apache.hadoop.mapreduce.lib.input.FileInputFormat - Total input paths to process : 1
2023-03-29 14:18:18,276 [JobControl] INFO  org.apache.pig.backend.hadoop.executionengine.util.MapRedUtil - Total input paths to process : 1
2023-03-29 14:18:18,276 [JobControl] INFO  org.apache.pig.backend.hadoop.executionengine.util.MapRedUtil - Total input paths (combined) to process : 1
2023-03-29 14:18:18,317 [JobControl] INFO  org.apache.hadoop.mapreduce.JobSubmitter - number of splits:1
2023-03-29 14:18:18,348 [JobControl] INFO  org.apache.hadoop.mapreduce.JobSubmitter - Submitting tokens for job: job_1679627889895_1845
2023-03-29 14:18:18,351 [JobControl] INFO  org.apache.hadoop.mapred.YARNRunner - Job jar is not present. Not adding any jar to the list of resources.
2023-03-29 14:18:18,372 [JobControl] INFO  org.apache.hadoop.yarn.client.api.impl.YarnClientImpl - Submitted application application_1679627889895_1845
2023-03-29 14:18:18,377 [JobControl] INFO  org.apache.hadoop.mapreduce.Job - The url to track the job: http://winter2023-comp421-1.cs.mcgill.ca:8088/proxy/application_1679627889895_1845/
2023-03-29 14:18:18,738 [main] INFO  org.apache.pig.backend.hadoop.executionengine.mapReduceLayer.MapReduceLauncher - HadoopJobId: job_1679627889895_1845
2023-03-29 14:18:18,738 [main] INFO  org.apache.pig.backend.hadoop.executionengine.mapReduceLayer.MapReduceLauncher - Processing aliases ordered
2023-03-29 14:18:18,738 [main] INFO  org.apache.pig.backend.hadoop.executionengine.mapReduceLayer.MapReduceLauncher - detailed locations: M: ordered[30,10] C:  R: 
2023-03-29 14:18:38,760 [main] INFO  org.apache.hadoop.mapred.ClientServiceDelegate - Application state is completed. FinalApplicationStatus=SUCCEEDED. Redirecting to job history server
2023-03-29 14:18:38,802 [main] INFO  org.apache.hadoop.yarn.client.RMProxy - Connecting to ResourceManager at winter2023-comp421-1.cs.mcgill.ca/132.206.51.211:8032
2023-03-29 14:18:38,804 [main] INFO  org.apache.hadoop.mapred.ClientServiceDelegate - Application state is completed. FinalApplicationStatus=SUCCEEDED. Redirecting to job history server
2023-03-29 14:18:38,841 [main] INFO  org.apache.hadoop.yarn.client.RMProxy - Connecting to ResourceManager at winter2023-comp421-1.cs.mcgill.ca/132.206.51.211:8032
2023-03-29 14:18:38,844 [main] INFO  org.apache.hadoop.mapred.ClientServiceDelegate - Application state is completed. FinalApplicationStatus=SUCCEEDED. Redirecting to job history server
2023-03-29 14:18:38,874 [main] INFO  org.apache.hadoop.yarn.client.RMProxy - Connecting to ResourceManager at winter2023-comp421-1.cs.mcgill.ca/132.206.51.211:8032
2023-03-29 14:18:38,877 [main] INFO  org.apache.hadoop.mapred.ClientServiceDelegate - Application state is completed. FinalApplicationStatus=SUCCEEDED. Redirecting to job history server
2023-03-29 14:18:38,901 [main] INFO  org.apache.pig.backend.hadoop.executionengine.mapReduceLayer.MapReduceLauncher - 100% complete
2023-03-29 14:18:38,933 [main] INFO  org.apache.pig.tools.pigstats.mapreduce.SimplePigStats - Script Statistics: 

HadoopVersion	PigVersion	UserId	StartedAt	FinishedAt	Features
2.7.2	0.15.0	cs421g19	2023-03-29 14:16:51	2023-03-29 14:18:38	HASH_JOIN,GROUP_BY,ORDER_BY,LIMIT

Success!

Job Stats (time in seconds):
JobId	Maps	Reduces	MaxMapTime	MinMapTime	AvgMapTime	MedianMapTime	MaxReduceTime	MinReduceTime	AvgReduceTime	MedianReducetime	Alias	Feature	Outputs
job_1679627889895_1841	2	1	4	3	4	4	4	4	4	4	joined,movies,ratings	HASH_JOIN	
job_1679627889895_1842	1	1	7	7	7	7	5	5	5	5	cnt,grpd,project	GROUP_BY,COMBINER	
job_1679627889895_1843	1	1	4	4	4	4	4	4	4	4	ordered	SAMPLER	
job_1679627889895_1844	1	1	4	4	4	4	3	3	3	3	ordered	ORDER_BY,COMBINER	
job_1679627889895_1845	1	1	5	5	5	5	4	4	4	4	ordered		hdfs://winter2023-comp421-1.cs.mcgill.ca:9000/tmp/temp-701676240/tmp932114313,

Input(s):
Successfully read 9120 records from: "/data/movies.csv"
Successfully read 100000 records from: "/data/ratings.csv"

Output(s):
Successfully stored 10 records (282 bytes) in: "hdfs://winter2023-comp421-1.cs.mcgill.ca:9000/tmp/temp-701676240/tmp932114313"

Counters:
Total records written : 10
Total bytes written : 282
Spillable Memory Manager spill count : 0
Total bags proactively spilled: 0
Total records proactively spilled: 0

Job DAG:
job_1679627889895_1841	->	job_1679627889895_1842,
job_1679627889895_1842	->	job_1679627889895_1843,
job_1679627889895_1843	->	job_1679627889895_1844,
job_1679627889895_1844	->	job_1679627889895_1845,
job_1679627889895_1845


2023-03-29 14:18:38,934 [main] INFO  org.apache.hadoop.yarn.client.RMProxy - Connecting to ResourceManager at winter2023-comp421-1.cs.mcgill.ca/132.206.51.211:8032
2023-03-29 14:18:38,937 [main] INFO  org.apache.hadoop.mapred.ClientServiceDelegate - Application state is completed. FinalApplicationStatus=SUCCEEDED. Redirecting to job history server
2023-03-29 14:18:38,971 [main] INFO  org.apache.hadoop.yarn.client.RMProxy - Connecting to ResourceManager at winter2023-comp421-1.cs.mcgill.ca/132.206.51.211:8032
2023-03-29 14:18:38,974 [main] INFO  org.apache.hadoop.mapred.ClientServiceDelegate - Application state is completed. FinalApplicationStatus=SUCCEEDED. Redirecting to job history server
2023-03-29 14:18:39,006 [main] INFO  org.apache.hadoop.yarn.client.RMProxy - Connecting to ResourceManager at winter2023-comp421-1.cs.mcgill.ca/132.206.51.211:8032
2023-03-29 14:18:39,010 [main] INFO  org.apache.hadoop.mapred.ClientServiceDelegate - Application state is completed. FinalApplicationStatus=SUCCEEDED. Redirecting to job history server
2023-03-29 14:18:39,053 [main] INFO  org.apache.hadoop.yarn.client.RMProxy - Connecting to ResourceManager at winter2023-comp421-1.cs.mcgill.ca/132.206.51.211:8032
2023-03-29 14:18:39,056 [main] INFO  org.apache.hadoop.mapred.ClientServiceDelegate - Application state is completed. FinalApplicationStatus=SUCCEEDED. Redirecting to job history server
2023-03-29 14:18:39,089 [main] INFO  org.apache.hadoop.yarn.client.RMProxy - Connecting to ResourceManager at winter2023-comp421-1.cs.mcgill.ca/132.206.51.211:8032
2023-03-29 14:18:39,092 [main] INFO  org.apache.hadoop.mapred.ClientServiceDelegate - Application state is completed. FinalApplicationStatus=SUCCEEDED. Redirecting to job history server
2023-03-29 14:18:39,130 [main] INFO  org.apache.hadoop.yarn.client.RMProxy - Connecting to ResourceManager at winter2023-comp421-1.cs.mcgill.ca/132.206.51.211:8032
2023-03-29 14:18:39,133 [main] INFO  org.apache.hadoop.mapred.ClientServiceDelegate - Application state is completed. FinalApplicationStatus=SUCCEEDED. Redirecting to job history server
2023-03-29 14:18:39,167 [main] INFO  org.apache.hadoop.yarn.client.RMProxy - Connecting to ResourceManager at winter2023-comp421-1.cs.mcgill.ca/132.206.51.211:8032
2023-03-29 14:18:39,170 [main] INFO  org.apache.hadoop.mapred.ClientServiceDelegate - Application state is completed. FinalApplicationStatus=SUCCEEDED. Redirecting to job history server
2023-03-29 14:18:39,201 [main] INFO  org.apache.hadoop.yarn.client.RMProxy - Connecting to ResourceManager at winter2023-comp421-1.cs.mcgill.ca/132.206.51.211:8032
2023-03-29 14:18:39,204 [main] INFO  org.apache.hadoop.mapred.ClientServiceDelegate - Application state is completed. FinalApplicationStatus=SUCCEEDED. Redirecting to job history server
2023-03-29 14:18:39,237 [main] INFO  org.apache.hadoop.yarn.client.RMProxy - Connecting to ResourceManager at winter2023-comp421-1.cs.mcgill.ca/132.206.51.211:8032
2023-03-29 14:18:39,240 [main] INFO  org.apache.hadoop.mapred.ClientServiceDelegate - Application state is completed. FinalApplicationStatus=SUCCEEDED. Redirecting to job history server
2023-03-29 14:18:39,269 [main] INFO  org.apache.hadoop.yarn.client.RMProxy - Connecting to ResourceManager at winter2023-comp421-1.cs.mcgill.ca/132.206.51.211:8032
2023-03-29 14:18:39,272 [main] INFO  org.apache.hadoop.mapred.ClientServiceDelegate - Application state is completed. FinalApplicationStatus=SUCCEEDED. Redirecting to job history server
2023-03-29 14:18:39,303 [main] INFO  org.apache.hadoop.yarn.client.RMProxy - Connecting to ResourceManager at winter2023-comp421-1.cs.mcgill.ca/132.206.51.211:8032
2023-03-29 14:18:39,305 [main] INFO  org.apache.hadoop.mapred.ClientServiceDelegate - Application state is completed. FinalApplicationStatus=SUCCEEDED. Redirecting to job history server
2023-03-29 14:18:39,337 [main] INFO  org.apache.hadoop.yarn.client.RMProxy - Connecting to ResourceManager at winter2023-comp421-1.cs.mcgill.ca/132.206.51.211:8032
2023-03-29 14:18:39,340 [main] INFO  org.apache.hadoop.mapred.ClientServiceDelegate - Application state is completed. FinalApplicationStatus=SUCCEEDED. Redirecting to job history server
2023-03-29 14:18:39,374 [main] INFO  org.apache.hadoop.yarn.client.RMProxy - Connecting to ResourceManager at winter2023-comp421-1.cs.mcgill.ca/132.206.51.211:8032
2023-03-29 14:18:39,377 [main] INFO  org.apache.hadoop.mapred.ClientServiceDelegate - Application state is completed. FinalApplicationStatus=SUCCEEDED. Redirecting to job history server
2023-03-29 14:18:39,401 [main] INFO  org.apache.hadoop.yarn.client.RMProxy - Connecting to ResourceManager at winter2023-comp421-1.cs.mcgill.ca/132.206.51.211:8032
2023-03-29 14:18:39,404 [main] INFO  org.apache.hadoop.mapred.ClientServiceDelegate - Application state is completed. FinalApplicationStatus=SUCCEEDED. Redirecting to job history server
2023-03-29 14:18:39,485 [main] INFO  org.apache.hadoop.yarn.client.RMProxy - Connecting to ResourceManager at winter2023-comp421-1.cs.mcgill.ca/132.206.51.211:8032
2023-03-29 14:18:39,488 [main] INFO  org.apache.hadoop.mapred.ClientServiceDelegate - Application state is completed. FinalApplicationStatus=SUCCEEDED. Redirecting to job history server
2023-03-29 14:18:39,517 [main] INFO  org.apache.pig.backend.hadoop.executionengine.mapReduceLayer.MapReduceLauncher - Success!
2023-03-29 14:18:39,519 [main] INFO  org.apache.hadoop.conf.Configuration.deprecation - fs.default.name is deprecated. Instead, use fs.defaultFS
2023-03-29 14:18:39,520 [main] INFO  org.apache.pig.data.SchemaTupleBackend - Key [pig.schematuple] was not set... will not generate code.
2023-03-29 14:18:39,523 [main] INFO  org.apache.hadoop.mapreduce.lib.input.FileInputFormat - Total input paths to process : 1
2023-03-29 14:18:39,523 [main] INFO  org.apache.pig.backend.hadoop.executionengine.util.MapRedUtil - Total input paths to process : 1
(Forrest Gump,341)
(Pulp Fiction,324)
(Shawshank Redemption  The,311)
(Silence of the Lambs  The,304)
(Star Wars: Episode IV - A New Hope,291)
(Jurassic Park,274)
(Matrix  The,259)
(Toy Story,247)
(Schindlers List,244)
(Terminator 2: Judgment Day,237)
2023-03-29 14:18:39,601 [main] INFO  org.apache.pig.Main - Pig script completed in 1 minute, 50 seconds and 422 milliseconds (110422 ms)
