(c) Copyright IBM Corporation 1993,2007
Command Line Processor for DB2 Client 11.5.8.0

You can issue database manager commands and SQL statements from the command
prompt. For example:
    db2 => connect to sample
    db2 => bind sample.bnd

For general help, type: ?.
For command help, type: ? command, where command can be
the first few keywords of a database manager command. For example:
 ? CATALOG DATABASE for help on the CATALOG DATABASE command
 ? CATALOG          for help on all of the CATALOG commands.

To exit db2 interactive mode, type QUIT at the command prompt. Outside
interactive mode, all commands must be prefixed with 'db2'.
To list the current command option settings, type LIST COMMAND OPTIONS.

For more detailed help, refer to the Online Reference Manual.

db2 => db2 => db2 => db2 => db2 => CONNECT TO cs421

   Database Connection Information

 Database server        = DB2/LINUXX8664 11.5.8.0
 SQL authorization ID   = CS421G19
 Local database alias   = CS421


db2 => db2 => db2 => db2 => db2 => db2 => db2 => db2 => db2 (cont.) => db2 (cont.) => db2 (cont.) => db2 (cont.) => db2 (cont.) => db2 (cont.) => CREATE TABLE STADIUMS ( sName VARCHAR(50) NOT NULL, location VARCHAR(100), capacity INTEGER, PRIMARY KEY(sName) )
DB20000I  The SQL command completed successfully.

db2 => db2 => db2 (cont.) => db2 (cont.) => db2 (cont.) => db2 (cont.) => db2 (cont.) => db2 (cont.) => db2 (cont.) => db2 (cont.) => db2 (cont.) => db2 (cont.) => db2 (cont.) => CREATE TABLE MATCHES ( matchId INTEGER NOT NULL, mDate DATE, mTime TIME, duration INTEGER, round INTEGER, sName VARCHAR(50), FOREIGN KEY (sName) REFERENCES STADIUMS, PRIMARY KEY(matchId) )
DB20000I  The SQL command completed successfully.

db2 => db2 => db2 (cont.) => db2 (cont.) => db2 (cont.) => db2 (cont.) => db2 (cont.) => db2 (cont.) => db2 (cont.) => CREATE TABLE TEAMS ( country VARCHAR(50) NOT NULL, nationalAssociation VARCHAR(100), roundGroup CHAR(1), url VARCHAR(100), PRIMARY KEY(country) )
DB20000I  The SQL command completed successfully.

db2 => db2 => db2 (cont.) => db2 (cont.) => db2 (cont.) => db2 (cont.) => db2 (cont.) => db2 (cont.) => db2 (cont.) => db2 (cont.) => db2 (cont.) => db2 (cont.) => db2 (cont.) => CREATE TABLE PLAYERS ( playerId INTEGER NOT NULL, dOB DATE, name VARCHAR(50), number INTEGER, position VARCHAR(30), country VARCHAR(50) NOT NULL, PRIMARY KEY (playerId), FOREIGN KEY (country) REFERENCES TEAMS )
DB20000I  The SQL command completed successfully.

db2 => db2 => db2 (cont.) => db2 (cont.) => db2 (cont.) => db2 (cont.) => db2 (cont.) => db2 (cont.) => db2 (cont.) => db2 (cont.) => db2 (cont.) => db2 (cont.) => db2 (cont.) => db2 (cont.) => db2 (cont.) => db2 (cont.) => CREATE TABLE PLAYS_IN ( playerId INTEGER NOT NULL, matchId INTEGER NOT NULL, inTime TIME, outTime TIME, yellowCard BOOLEAN, redCard BOOLEAN, position VARCHAR(30), PRIMARY KEY (playerId, matchId), FOREIGN KEY (playerId) REFERENCES PLAYERS, FOREIGN KEY (matchId) REFERENCES MATCHES )
DB20000I  The SQL command completed successfully.

db2 => db2 => db2 (cont.) => db2 (cont.) => db2 (cont.) => db2 (cont.) => db2 (cont.) => db2 (cont.) => db2 (cont.) => db2 (cont.) => db2 (cont.) => db2 (cont.) => CREATE TABLE COACHES ( coachId INTEGER NOT NULL, dOB DATE, name VARCHAR(30), role VARCHAR(30), country VARCHAR(50) NOT NULL, PRIMARY KEY (coachId), FOREIGN KEY (country) REFERENCES TEAMS )
DB20000I  The SQL command completed successfully.

db2 => db2 => db2 (cont.) => db2 (cont.) => db2 (cont.) => db2 (cont.) => db2 (cont.) => db2 (cont.) => db2 (cont.) => CREATE TABLE REFEREES ( refId INTEGER NOT NULL, experience INTEGER NOT NULL, name VARCHAR(30), role VARCHAR(30), PRIMARY KEY(refId) )
DB20000I  The SQL command completed successfully.

db2 => db2 => db2 (cont.) => db2 (cont.) => db2 (cont.) => db2 (cont.) => db2 (cont.) => db2 (cont.) => db2 (cont.) => db2 (cont.) => db2 (cont.) => CREATE TABLE OVERSEES ( refId INTEGER NOT NULL, matchId INTEGER NOT NULL, PRIMARY KEY(refId, matchId), FOREIGN KEY (refId) REFERENCES REFEREES, FOREIGN KEY (matchId) REFERENCES MATCHES )
DB20000I  The SQL command completed successfully.

db2 => db2 => db2 (cont.) => db2 (cont.) => db2 (cont.) => db2 (cont.) => db2 (cont.) => db2 (cont.) => db2 (cont.) => db2 (cont.) => db2 (cont.) => db2 (cont.) => db2 (cont.) => db2 (cont.) => db2 (cont.) => db2 (cont.) => db2 (cont.) => CREATE TABLE GOALS ( matchId INTEGER NOT NULL, occurrence INTEGER NOT NULL, minute TIME, penalty BOOLEAN, playerId INTEGER NOT NULL, country VARCHAR(50) NOT NULL, PRIMARY KEY(matchId, occurrence), FOREIGN KEY (playerId) REFERENCES PLAYERS, FOREIGN KEY (country) REFERENCES TEAMS, FOREIGN KEY (matchId) REFERENCES MATCHES )
DB20000I  The SQL command completed successfully.

db2 => db2 => db2 (cont.) => db2 (cont.) => db2 (cont.) => db2 (cont.) => db2 (cont.) => db2 (cont.) => db2 (cont.) => CREATE TABLE SEATS ( seatNumber VARCHAR(20) NOT NULL, stadiumName VARCHAR(100) NOT NULL, PRIMARY KEY(seatNumber), FOREIGN KEY (stadiumName) REFERENCES STADIUMS )
DB20000I  The SQL command completed successfully.

db2 => db2 => db2 (cont.) => db2 (cont.) => db2 (cont.) => db2 (cont.) => db2 (cont.) => db2 (cont.) => db2 (cont.) => db2 (cont.) => db2 (cont.) => db2 (cont.) => db2 (cont.) => CREATE TABLE TICKETS ( ticketId INTEGER NOT NULL, seatNumber VARCHAR(20) NOT NULL, matchId INTEGER NOT NULL, sold BOOLEAN, PRIMARY KEY(ticketId), FOREIGN KEY (matchId) REFERENCES MATCHES, FOREIGN KEY (seatNumber) REFERENCES SEATS )
DB20000I  The SQL command completed successfully.

db2 => db2 => db2 (cont.) => db2 (cont.) => db2 (cont.) => db2 (cont.) => db2 (cont.) => db2 (cont.) => db2 (cont.) => db2 (cont.) => CREATE TABLE CUSTOMERS ( emailAddress VARCHAR(100) NOT NULL, firstName VARCHAR(50), lastName VARCHAR(50), address VARCHAR(100), password VARCHAR(100), PRIMARY KEY (emailAddress) )
DB20000I  The SQL command completed successfully.

db2 => db2 => db2 (cont.) => db2 (cont.) => db2 (cont.) => db2 (cont.) => db2 (cont.) => db2 (cont.) => db2 (cont.) => db2 (cont.) => db2 (cont.) => db2 (cont.) => db2 (cont.) => CREATE TABLE CREDIT_CARDS ( number INTEGER NOT NULL, emailAddress VARCHAR(100) NOT NULL, billingAddress VARCHAR(100), nameOnCard VARCHAR(50), cvc INTEGER, expiryDate DATE, PRIMARY KEY (number), FOREIGN KEY (emailAddress) REFERENCES CUSTOMERS )
DB20000I  The SQL command completed successfully.

db2 => db2 => db2 (cont.) => db2 (cont.) => db2 (cont.) => db2 (cont.) => db2 (cont.) => db2 (cont.) => db2 (cont.) => db2 (cont.) => db2 (cont.) => db2 (cont.) => CREATE TABLE PURCHASED ( emailAddress VARCHAR(100) NOT NULL, ticketId INTEGER NOT NULL, price DECIMAL (10, 2) NOT NULL, PRIMARY KEY (emailAddress, ticketId), FOREIGN KEY (emailAddress) REFERENCES CUSTOMERS, FOREIGN KEY (ticketId) REFERENCES TICKETS )
DB20000I  The SQL command completed successfully.

db2 => db2 => db2 (cont.) => db2 (cont.) => db2 (cont.) => db2 (cont.) => db2 (cont.) => db2 (cont.) => db2 (cont.) => CREATE TABLE TEAM_PLAYS ( matchId INTEGER NOT NULL, country VARCHAR(50) NOT NULL, PRIMARY KEY (matchId, country), FOREIGN KEY (matchId) REFERENCES MATCHES, FOREIGN KEY (country) REFERENCES TEAMS )
DB20000I  The SQL command completed successfully.
